[debug] [2022-03-20T12:05:57.785Z] ----------------------------------------------------------------------
[debug] [2022-03-20T12:05:57.787Z] Command:       C:\Program Files\nodejs\node.exe C:\Users\steph\AppData\Roaming\npm\node_modules\firebase-tools\lib\bin\firebase.js init
[debug] [2022-03-20T12:05:57.787Z] CLI Version:   10.4.0
[debug] [2022-03-20T12:05:57.787Z] Platform:      win32
[debug] [2022-03-20T12:05:57.787Z] Node Version:  v16.14.0
[debug] [2022-03-20T12:05:57.788Z] Time:          Sun Mar 20 2022 13:05:57 GMT+0100 (heure normale d’Europe centrale)
[debug] [2022-03-20T12:05:57.788Z] ----------------------------------------------------------------------
[debug] 
[debug] [2022-03-20T12:05:57.793Z] > command requires scopes: ["email","openid","https://www.googleapis.com/auth/cloudplatformprojects.readonly","https://www.googleapis.com/auth/firebase","https://www.googleapis.com/auth/cloud-platform"]
[debug] [2022-03-20T12:05:57.794Z] > authorizing via signed-in user (stephanedasil@gmail.com)
[info] 
     ######## #### ########  ######## ########     ###     ######  ########
     ##        ##  ##     ## ##       ##     ##  ##   ##  ##       ##
     ######    ##  ########  ######   ########  #########  ######  ######
     ##        ##  ##    ##  ##       ##     ## ##     ##       ## ##
     ##       #### ##     ## ######## ########  ##     ##  ######  ########

You're about to initialize a Firebase project in this directory:

  C:\Users\steph\Desktop\cv-react

[info] 
=== Project Setup
[info] 
[info] First, let's associate this project directory with a Firebase project.
[info] You can create multiple project aliases by running firebase use --add, 
[info] but for now we'll just set up a default project.
[info] 
[debug] [2022-03-20T12:06:04.235Z] >>> [apiv2][query] GET https://firebase.googleapis.com/v1beta1/projects pageSize=100
[debug] [2022-03-20T12:06:04.759Z] <<< [apiv2][status] GET https://firebase.googleapis.com/v1beta1/projects 200
[debug] [2022-03-20T12:06:04.759Z] <<< [apiv2][body] GET https://firebase.googleapis.com/v1beta1/projects [omitted]
[info] i  Using project moncv-8b19f (MonCV) 
[info] 
=== Hosting Setup
[info] 
[info] Your public directory is the folder (relative to your project directory) that
[info] will contain Hosting assets to be uploaded with firebase deploy. If you
[info] have a build process for your assets, use your build's output directory.
[info] 
[debug] [2022-03-20T12:06:50.630Z] >>> [apiv2][query] GET https://www.gstatic.com/firebasejs/releases.json [none]
[debug] [2022-03-20T12:06:50.796Z] <<< [apiv2][status] GET https://www.gstatic.com/firebasejs/releases.json 200
[debug] [2022-03-20T12:06:50.796Z] <<< [apiv2][body] GET https://www.gstatic.com/firebasejs/releases.json {"current":{"version":"9.6.9","browserURL":"https://www.gstatic.com/firebasejs/9.6.9/firebase.js","packageURL":"https://www.gstatic.com/firebasejs/9.6.9/firebase.tgz"},"live":{"version":"9.6","browserURL":"https://www.gstatic.com/firebasejs/live/9.6/firebase.js","packageURL":"https://www.gstatic.com/firebasejs/live/9.6/firebase.tgz"},"components":{"analytics":"https://www.gstatic.com/firebasejs/9.6.9/firebase-analytics.js","app":"https://www.gstatic.com/firebasejs/9.6.9/firebase-app.js","app-check":"https://www.gstatic.com/firebasejs/9.6.9/firebase-app-check.js","auth":"https://www.gstatic.com/firebasejs/9.6.9/firebase-auth.js","auth/cordova":"https://www.gstatic.com/firebasejs/9.6.9/firebase-auth/cordova.js","auth/react-native":"https://www.gstatic.com/firebasejs/9.6.9/firebase-auth/react-native.js","functions":"https://www.gstatic.com/firebasejs/9.6.9/firebase-functions.js","firestore":"https://www.gstatic.com/firebasejs/9.6.9/firebase-firestore.js","firestore/lite":"https://www.gstatic.com/firebasejs/9.6.9/firebase-firestore/lite.js","storage":"https://www.gstatic.com/firebasejs/9.6.9/firebase-storage.js","performance":"https://www.gstatic.com/firebasejs/9.6.9/firebase-performance.js","remote-config":"https://www.gstatic.com/firebasejs/9.6.9/firebase-remote-config.js","messaging":"https://www.gstatic.com/firebasejs/9.6.9/firebase-messaging.js","messaging/sw":"https://www.gstatic.com/firebasejs/9.6.9/firebase-messaging/sw.js","database":"https://www.gstatic.com/firebasejs/9.6.9/firebase-database.js","firestore.memory":"https://www.gstatic.com/firebasejs/9.6.9/firebase-firestore.memory.js"}}
[info] +  Wrote build/index.html 
[info] 
[info] i  Detected a .git folder at C:\Users\steph\Desktop\cv-react 
[info] i  Authorizing with GitHub to upload your service account to a GitHub repository's secrets store. 
[info] 
[info] Visit this URL on this device to log in:
[info] https://github.com/login/oauth/authorize?client_id=89cf50f02ac6aaed3484&state=346291759&redirect_uri=http%3A%2F%2Flocalhost%3A9005&scope=read%3Auser%20repo%20public_repo
[info] 
[info] Waiting for authentication...
[debug] [2022-03-20T12:06:54.313Z] >>> HTTP REQUEST POST https://github.com/login/oauth/access_token  
 {"client_id":"89cf50f02ac6aaed3484","client_secret":"3330d14abc895d9a74d5f17cd7a00711fa2c5bf0","code":"93389e3e3eaaef1ebdf0","redirect_uri":"http://localhost:9005","state":"346291759"}
[debug] [2022-03-20T12:06:54.653Z] <<< HTTP RESPONSE 200 {"server":"GitHub.com","date":"Sun, 20 Mar 2022 12:06:54 GMT","content-type":"application/json; charset=utf-8","transfer-encoding":"chunked","vary":"X-PJAX, X-PJAX-Container, Accept-Encoding, Accept, X-Requested-With","permissions-policy":"interest-cohort=()","etag":"W/\"13d061af9f6f0747fea49dc6f347067f\"","cache-control":"max-age=0, private, must-revalidate","strict-transport-security":"max-age=31536000; includeSubdomains; preload","x-frame-options":"deny","x-content-type-options":"nosniff","x-xss-protection":"0","referrer-policy":"origin-when-cross-origin, strict-origin-when-cross-origin","expect-ct":"max-age=2592000, report-uri=\"https://api.github.com/_private/browser/errors\"","content-security-policy":"default-src 'none'; base-uri 'self'; block-all-mixed-content; child-src github.com/assets-cdn/worker/ gist.github.com/assets-cdn/worker/; connect-src 'self' uploads.github.com objects-origin.githubusercontent.com www.githubstatus.com collector.githubapp.com collector.github.com api.github.com github-cloud.s3.amazonaws.com github-production-repository-file-5c1aeb.s3.amazonaws.com github-production-upload-manifest-file-7fdce7.s3.amazonaws.com github-production-user-asset-6210df.s3.amazonaws.com cdn.optimizely.com logx.optimizely.com/v1/events translator.github.com wss://alive.github.com; font-src github.githubassets.com; form-action 'self' github.com gist.github.com objects-origin.githubusercontent.com; frame-ancestors 'none'; frame-src render.githubusercontent.com viewscreen.githubusercontent.com notebooks.githubusercontent.com; img-src 'self' data: github.githubassets.com identicons.github.com collector.githubapp.com collector.github.com github-cloud.s3.amazonaws.com secured-user-images.githubusercontent.com/ *.githubusercontent.com; manifest-src 'self'; media-src github.com user-images.githubusercontent.com/; script-src github.githubassets.com; style-src 'unsafe-inline' github.githubassets.com; worker-src github.com/assets-cdn/worker/ gist.github.com/assets-cdn/worker/","x-github-request-id":"44EC:5BD2:124D289:137CA8A:623718DE"}
[debug] [2022-03-20T12:06:54.657Z] >>> [apiv2][query] GET https://api.github.com/user [none]
[debug] [2022-03-20T12:06:55.039Z] <<< [apiv2][status] GET https://api.github.com/user 200
[debug] [2022-03-20T12:06:55.039Z] <<< [apiv2][body] GET https://api.github.com/user {"login":"GUZZLER13","id":34184155,"node_id":"MDQ6VXNlcjM0MTg0MTU1","avatar_url":"https://avatars.githubusercontent.com/u/34184155?v=4","gravatar_id":"","url":"https://api.github.com/users/GUZZLER13","html_url":"https://github.com/GUZZLER13","followers_url":"https://api.github.com/users/GUZZLER13/followers","following_url":"https://api.github.com/users/GUZZLER13/following{/other_user}","gists_url":"https://api.github.com/users/GUZZLER13/gists{/gist_id}","starred_url":"https://api.github.com/users/GUZZLER13/starred{/owner}{/repo}","subscriptions_url":"https://api.github.com/users/GUZZLER13/subscriptions","organizations_url":"https://api.github.com/users/GUZZLER13/orgs","repos_url":"https://api.github.com/users/GUZZLER13/repos","events_url":"https://api.github.com/users/GUZZLER13/events{/privacy}","received_events_url":"https://api.github.com/users/GUZZLER13/received_events","type":"User","site_admin":false,"name":"GUZZLER13","company":null,"blog":"","location":"Bordeaux, FRANCE","email":"stephanedasil@gmail.com","hireable":true,"bio":null,"twitter_username":null,"public_repos":60,"public_gists":31,"followers":5,"following":7,"created_at":"2017-12-02T09:44:19Z","updated_at":"2022-03-20T04:13:59Z","private_gists":0,"total_private_repos":3,"owned_private_repos":3,"disk_usage":26004,"collaborators":0,"two_factor_authentication":true,"plan":{"name":"pro","space":976562499,"collaborators":0,"private_repos":9999}}
[info] 
[info] +  Success! Logged into GitHub as GUZZLER13 
[info] 
